2025-02-26 09:58:07.679311-07:00 [error] <0.424.0> ** Generic server rabbit_disk_monitor terminating
2025-02-26 09:58:07.679311-07:00 [error] <0.424.0> ** Last message in was update
2025-02-26 09:58:07.679311-07:00 [error] <0.424.0> ** When Server state == {state,"/Users/dbeauregard/Workspace/rabbit/rmq-servers/rabbit1/mnesia/rabbit1@localhost",
2025-02-26 09:58:07.679311-07:00 [error] <0.424.0>                                50000000,731876929536,100,10000,
2025-02-26 09:58:07.679311-07:00 [error] <0.424.0>                                #Ref<0.3915397889.308805633.158512>,false,true,
2025-02-26 09:58:07.679311-07:00 [error] <0.424.0>                                10,120000,
2025-02-26 09:58:07.679311-07:00 [error] <0.424.0>                                {unix,darwin},
2025-02-26 09:58:07.679311-07:00 [error] <0.424.0>                                #Port<0.27>}
2025-02-26 09:58:07.679311-07:00 [error] <0.424.0> ** Reason for termination ==
2025-02-26 09:58:07.679311-07:00 [error] <0.424.0> ** {{unparseable,"df: /Users/dbeauregard/Workspace/rabbit/rmq-servers/rabbit1/mnesia/rabbit1@localhost: No such file or directory\n"},
2025-02-26 09:58:07.679311-07:00 [error] <0.424.0>     [{rabbit_disk_monitor,parse_free_unix,1,
2025-02-26 09:58:07.679311-07:00 [error] <0.424.0>                           [{file,"rabbit_disk_monitor.erl"},{line,355}]},
2025-02-26 09:58:07.679311-07:00 [error] <0.424.0>      {rabbit_disk_monitor,internal_update,1,
2025-02-26 09:58:07.679311-07:00 [error] <0.424.0>                           [{file,"rabbit_disk_monitor.erl"},{line,284}]},
2025-02-26 09:58:07.679311-07:00 [error] <0.424.0>      {rabbit_disk_monitor,handle_info,2,
2025-02-26 09:58:07.679311-07:00 [error] <0.424.0>                           [{file,"rabbit_disk_monitor.erl"},{line,194}]},
2025-02-26 09:58:07.679311-07:00 [error] <0.424.0>      {gen_server,try_handle_info,3,[{file,"gen_server.erl"},{line,2345}]},
2025-02-26 09:58:07.679311-07:00 [error] <0.424.0>      {gen_server,handle_msg,6,[{file,"gen_server.erl"},{line,2433}]},
2025-02-26 09:58:07.679311-07:00 [error] <0.424.0>      {proc_lib,init_p_do_apply,3,[{file,"proc_lib.erl"},{line,329}]}]}
2025-02-26 09:58:07.679311-07:00 [error] <0.424.0> 
2025-02-26 09:58:07.679937-07:00 [error] <0.424.0>   crasher:
2025-02-26 09:58:07.679937-07:00 [error] <0.424.0>     initial call: rabbit_disk_monitor:init/1
2025-02-26 09:58:07.679937-07:00 [error] <0.424.0>     pid: <0.424.0>
2025-02-26 09:58:07.679937-07:00 [error] <0.424.0>     registered_name: rabbit_disk_monitor
2025-02-26 09:58:07.679937-07:00 [error] <0.424.0>     exception exit: {unparseable,"df: /Users/dbeauregard/Workspace/rabbit/rmq-servers/rabbit1/mnesia/rabbit1@localhost: No such file or directory\n"}
2025-02-26 09:58:07.679937-07:00 [error] <0.424.0>       in function  rabbit_disk_monitor:parse_free_unix/1 (rabbit_disk_monitor.erl, line 355)
2025-02-26 09:58:07.679937-07:00 [error] <0.424.0>       in call from rabbit_disk_monitor:internal_update/1 (rabbit_disk_monitor.erl, line 284)
2025-02-26 09:58:07.679937-07:00 [error] <0.424.0>       in call from rabbit_disk_monitor:handle_info/2 (rabbit_disk_monitor.erl, line 194)
2025-02-26 09:58:07.679937-07:00 [error] <0.424.0>       in call from gen_server:try_handle_info/3 (gen_server.erl, line 2345)
2025-02-26 09:58:07.679937-07:00 [error] <0.424.0>       in call from gen_server:handle_msg/6 (gen_server.erl, line 2433)
2025-02-26 09:58:07.679937-07:00 [error] <0.424.0>     ancestors: [rabbit_disk_monitor_sup,rabbit_sup,<0.215.0>]
2025-02-26 09:58:07.679937-07:00 [error] <0.424.0>     message_queue_len: 0
2025-02-26 09:58:07.679937-07:00 [error] <0.424.0>     messages: []
2025-02-26 09:58:07.679937-07:00 [error] <0.424.0>     links: [#Port<0.27>,<0.423.0>]
2025-02-26 09:58:07.679937-07:00 [error] <0.424.0>     dictionary: []
2025-02-26 09:58:07.679937-07:00 [error] <0.424.0>     trap_exit: false
2025-02-26 09:58:07.679937-07:00 [error] <0.424.0>     status: running
2025-02-26 09:58:07.679937-07:00 [error] <0.424.0>     heap_size: 6772
2025-02-26 09:58:07.679937-07:00 [error] <0.424.0>     stack_size: 29
2025-02-26 09:58:07.679937-07:00 [error] <0.424.0>     reductions: 7129642
2025-02-26 09:58:07.679937-07:00 [error] <0.424.0>   neighbours:
2025-02-26 09:58:07.679937-07:00 [error] <0.424.0> 
2025-02-26 09:58:07.685638-07:00 [error] <0.423.0>     supervisor: {local,rabbit_disk_monitor_sup}
2025-02-26 09:58:07.685638-07:00 [error] <0.423.0>     errorContext: child_terminated
2025-02-26 09:58:07.685638-07:00 [error] <0.423.0>     reason: {unparseable,"df: /Users/dbeauregard/Workspace/rabbit/rmq-servers/rabbit1/mnesia/rabbit1@localhost: No such file or directory\n"}
2025-02-26 09:58:07.685638-07:00 [error] <0.423.0>     offender: [{pid,<0.424.0>},
2025-02-26 09:58:07.685638-07:00 [error] <0.423.0>                {id,rabbit_disk_monitor},
2025-02-26 09:58:07.685638-07:00 [error] <0.423.0>                {mfargs,{rabbit_disk_monitor,start_link,[50000000]}},
2025-02-26 09:58:07.685638-07:00 [error] <0.423.0>                {restart_type,{transient,1}},
2025-02-26 09:58:07.685638-07:00 [error] <0.423.0>                {shutdown,300000},
2025-02-26 09:58:07.685638-07:00 [error] <0.423.0>                {child_type,worker}]
2025-02-26 09:58:07.709863-07:00 [warning] <0.10362.0> Free disk space monitor encountered an error (e.g. failed to parse output from OS tools). Retries left: 10 Error:
2025-02-26 09:58:07.709863-07:00 [warning] <0.10362.0> {'EXIT',{unparseable,"df: /Users/dbeauregard/Workspace/rabbit/rmq-servers/rabbit1/mnesia/rabbit1@localhost: No such file or directory\n"}}
